<?xml version="1.0" encoding="UTF-8"?>
<!-- Generated by org.testng.reporters.JUnitReportReporter -->
<testsuite hostname="BISWAJIT2000" failures="0" tests="1" name="TestRunners.Run" time="0.262" errors="0" timestamp="2023-08-15T20:27:32 IST" skipped="0">
  <testcase classname="TestRunners.Run" name="runScenario" time="0.262"/>
  <system-out/>
</testsuite> <!-- TestRunners.Run -->
